2022-10-14 06:17:58,606 INFO  [restartedMain] com.tpro.SpringbootIntroApplication:Starting SpringbootIntroApplication using Java 11.0.16 on DESKTOP-4Q8PUKN with PID 13336 (C:\Users\seves\Documents\workspace-spring-tool-suite-4-4.15.3.RELEASE\springboot-intro\target\classes started by seves in C:\Users\seves\Documents\workspace-spring-tool-suite-4-4.15.3.RELEASE\springboot-intro)
2022-10-14 06:17:58,761 INFO  [restartedMain] com.tpro.SpringbootIntroApplication:No active profile set, falling back to default profiles: default
2022-10-14 06:17:59,607 INFO  [restartedMain] org.springframework.boot.devtools.env.DevToolsPropertyDefaultsPostProcessor:Devtools property defaults active! Set 'spring.devtools.add-properties' to 'false' to disable
2022-10-14 06:17:59,610 INFO  [restartedMain] org.springframework.boot.devtools.env.DevToolsPropertyDefaultsPostProcessor:For additional web related logging consider setting the 'logging.level.web' property to 'DEBUG'
2022-10-14 06:18:12,663 INFO  [restartedMain] org.springframework.data.repository.config.RepositoryConfigurationDelegate:Bootstrapping Spring Data JPA repositories in DEFAULT mode.
2022-10-14 06:18:13,104 INFO  [restartedMain] org.springframework.data.repository.config.RepositoryConfigurationDelegate:Finished Spring Data repository scanning in 368 ms. Found 1 JPA repository interfaces.
2022-10-14 06:18:18,507 INFO  [restartedMain] org.springframework.boot.web.embedded.tomcat.TomcatWebServer:Tomcat initialized with port(s): 8080 (http)
2022-10-14 06:18:18,636 INFO  [restartedMain] org.apache.catalina.core.StandardService:Starting service [Tomcat]
2022-10-14 06:18:18,638 INFO  [restartedMain] org.apache.catalina.core.StandardEngine:Starting Servlet engine: [Apache Tomcat/9.0.56]
2022-10-14 06:18:20,502 INFO  [restartedMain] org.apache.catalina.core.ContainerBase.[Tomcat].[localhost].[/]:Initializing Spring embedded WebApplicationContext
2022-10-14 06:18:20,508 INFO  [restartedMain] org.springframework.boot.web.servlet.context.ServletWebServerApplicationContext:Root WebApplicationContext: initialization completed in 20885 ms
2022-10-14 06:18:23,836 INFO  [restartedMain] org.hibernate.jpa.internal.util.LogHelper:HHH000204: Processing PersistenceUnitInfo [name: default]
2022-10-14 06:18:24,613 INFO  [restartedMain] org.hibernate.Version:HHH000412: Hibernate ORM core version 5.6.4.Final
2022-10-14 06:18:26,237 INFO  [restartedMain] org.hibernate.annotations.common.Version:HCANN000001: Hibernate Commons Annotations {5.1.2.Final}
2022-10-14 06:18:27,238 INFO  [restartedMain] com.zaxxer.hikari.HikariDataSource:HikariPool-1 - Starting...
2022-10-14 06:18:29,524 INFO  [restartedMain] com.zaxxer.hikari.HikariDataSource:HikariPool-1 - Start completed.
2022-10-14 06:18:29,786 INFO  [restartedMain] org.hibernate.dialect.Dialect:HHH000400: Using dialect: org.hibernate.dialect.MySQL8Dialect
2022-10-14 06:18:37,723 INFO  [restartedMain] org.hibernate.engine.transaction.jta.platform.internal.JtaPlatformInitiator:HHH000490: Using JtaPlatform implementation: [org.hibernate.engine.transaction.jta.platform.internal.NoJtaPlatform]
2022-10-14 06:18:37,842 INFO  [restartedMain] org.springframework.orm.jpa.LocalContainerEntityManagerFactoryBean:Initialized JPA EntityManagerFactory for persistence unit 'default'
2022-10-14 06:18:42,864 WARN  [restartedMain] org.springframework.boot.autoconfigure.orm.jpa.JpaBaseConfiguration$JpaWebConfiguration:spring.jpa.open-in-view is enabled by default. Therefore, database queries may be performed during view rendering. Explicitly configure spring.jpa.open-in-view to disable this warning
2022-10-14 06:18:46,254 INFO  [restartedMain] org.springframework.security.web.DefaultSecurityFilterChain:Will secure any request with [org.springframework.security.web.context.request.async.WebAsyncManagerIntegrationFilter@6c4467ad, org.springframework.security.web.context.SecurityContextPersistenceFilter@347e4b88, org.springframework.security.web.header.HeaderWriterFilter@58e61add, org.springframework.security.web.authentication.logout.LogoutFilter@9dad92d, org.springframework.security.web.authentication.www.BasicAuthenticationFilter@3c360e0d, org.springframework.security.web.savedrequest.RequestCacheAwareFilter@5d563a26, org.springframework.security.web.servletapi.SecurityContextHolderAwareRequestFilter@1eb809a3, org.springframework.security.web.authentication.AnonymousAuthenticationFilter@551bcd37, org.springframework.security.web.session.SessionManagementFilter@21820325, org.springframework.security.web.access.ExceptionTranslationFilter@1122b239, org.springframework.security.web.access.intercept.AuthorizationFilter@a39be67]
2022-10-14 06:18:50,701 INFO  [restartedMain] org.springframework.boot.devtools.autoconfigure.OptionalLiveReloadServer:LiveReload server is running on port 35729
2022-10-14 06:18:50,772 INFO  [restartedMain] org.springframework.boot.actuate.endpoint.web.EndpointLinksResolver:Exposing 4 endpoint(s) beneath base path '/actuator'
2022-10-14 06:18:51,756 INFO  [restartedMain] org.springframework.boot.web.embedded.tomcat.TomcatWebServer:Tomcat started on port(s): 8080 (http) with context path ''
2022-10-14 06:18:52,006 INFO  [restartedMain] com.tpro.SpringbootIntroApplication:Started SpringbootIntroApplication in 59.103 seconds (JVM running for 69.345)
2022-10-14 06:19:21,850 INFO  [http-nio-8080-exec-1] org.apache.catalina.core.ContainerBase.[Tomcat].[localhost].[/]:Initializing Spring DispatcherServlet 'dispatcherServlet'
2022-10-14 06:22:46,722 WARN  [http-nio-8080-exec-8] org.apache.catalina.util.SessionIdGeneratorBase:Creation of SecureRandom instance for session ID generation using [SHA1PRNG] took [2,026] milliseconds.
2022-10-14 11:42:26,599 WARN  [HikariPool-1 housekeeper] com.zaxxer.hikari.pool.HikariPool:HikariPool-1 - Thread starvation or clock leap detected (housekeeper delta=4h24m2s645ms956µs99ns).
2022-10-14 15:14:18,935 WARN  [HikariPool-1 housekeeper] com.zaxxer.hikari.pool.HikariPool:HikariPool-1 - Thread starvation or clock leap detected (housekeeper delta=2h40m28s369ms278µs700ns).
2022-10-14 15:39:58,059 INFO  [RMI TCP Connection(149)-127.0.0.1] org.springframework.boot.admin.SpringApplicationAdminMXBeanRegistrar$SpringApplicationAdmin:Application shutdown requested.
2022-10-14 15:40:00,009 INFO  [RMI TCP Connection(149)-127.0.0.1] org.springframework.orm.jpa.LocalContainerEntityManagerFactoryBean:Closing JPA EntityManagerFactory for persistence unit 'default'
2022-10-14 15:40:00,144 INFO  [RMI TCP Connection(149)-127.0.0.1] com.zaxxer.hikari.HikariDataSource:HikariPool-1 - Shutdown initiated...
2022-10-14 15:40:00,213 INFO  [RMI TCP Connection(149)-127.0.0.1] com.zaxxer.hikari.HikariDataSource:HikariPool-1 - Shutdown completed.
