2022-10-13 09:54:52,486 INFO  [RMI TCP Connection(205)-127.0.0.1] org.springframework.boot.admin.SpringApplicationAdminMXBeanRegistrar$SpringApplicationAdmin:Application shutdown requested.
2022-10-13 09:54:52,781 INFO  [RMI TCP Connection(205)-127.0.0.1] org.apache.catalina.core.StandardService:Stopping service [Tomcat]
2022-10-13 09:54:52,783 INFO  [RMI TCP Connection(205)-127.0.0.1] org.apache.catalina.core.ContainerBase.[Tomcat-1].[localhost].[/]:Destroying Spring FrameworkServlet 'dispatcherServlet'
2022-10-13 11:52:54,390 INFO  [restartedMain] com.tpe.SpringBootPrcApplication:Starting SpringBootPrcApplication using Java 11.0.16 on DESKTOP-4Q8PUKN with PID 7064 (C:\Users\seves\Desktop\STS\spring-boot-prc\target\classes started by seves in C:\Users\seves\Desktop\STS\spring-boot-prc)
2022-10-13 11:52:54,391 DEBUG [restartedMain] com.tpe.SpringBootPrcApplication:Running with Spring Boot v2.7.4, Spring v5.3.23
2022-10-13 11:52:54,392 INFO  [restartedMain] com.tpe.SpringBootPrcApplication:No active profile set, falling back to 1 default profile: "default"
2022-10-13 11:52:54,482 INFO  [restartedMain] org.springframework.boot.devtools.env.DevToolsPropertyDefaultsPostProcessor:Devtools property defaults active! Set 'spring.devtools.add-properties' to 'false' to disable
2022-10-13 11:52:54,483 INFO  [restartedMain] org.springframework.boot.devtools.env.DevToolsPropertyDefaultsPostProcessor:For additional web related logging consider setting the 'logging.level.web' property to 'DEBUG'
2022-10-13 11:52:55,356 INFO  [restartedMain] org.springframework.context.support.PostProcessorRegistrationDelegate$BeanPostProcessorChecker:Bean 'org.springframework.ws.config.annotation.DelegatingWsConfiguration' of type [org.springframework.ws.config.annotation.DelegatingWsConfiguration$$EnhancerBySpringCGLIB$$5cd173d6] is not eligible for getting processed by all BeanPostProcessors (for example: not eligible for auto-proxying)
2022-10-13 11:52:55,445 INFO  [restartedMain] org.springframework.ws.soap.addressing.server.AnnotationActionEndpointMapping:Supporting [WS-Addressing August 2004, WS-Addressing 1.0]
2022-10-13 11:52:55,874 INFO  [restartedMain] org.springframework.boot.web.embedded.tomcat.TomcatWebServer:Tomcat initialized with port(s): 8082 (http)
2022-10-13 11:52:55,891 INFO  [restartedMain] org.apache.catalina.core.StandardService:Starting service [Tomcat]
2022-10-13 11:52:55,891 INFO  [restartedMain] org.apache.catalina.core.StandardEngine:Starting Servlet engine: [Apache Tomcat/9.0.65]
2022-10-13 11:52:55,996 INFO  [restartedMain] org.apache.catalina.core.ContainerBase.[Tomcat].[localhost].[/]:Initializing Spring embedded WebApplicationContext
2022-10-13 11:52:55,997 INFO  [restartedMain] org.springframework.boot.web.servlet.context.ServletWebServerApplicationContext:Root WebApplicationContext: initialization completed in 1513 ms
2022-10-13 11:52:56,474 INFO  [restartedMain] org.springframework.boot.devtools.autoconfigure.OptionalLiveReloadServer:LiveReload server is running on port 35729
2022-10-13 11:52:56,523 INFO  [restartedMain] org.springframework.boot.web.embedded.tomcat.TomcatWebServer:Tomcat started on port(s): 8082 (http) with context path ''
2022-10-13 11:52:56,540 INFO  [restartedMain] com.tpe.SpringBootPrcApplication:Started SpringBootPrcApplication in 2.787 seconds (JVM running for 4.233)
2022-10-13 11:53:30,728 INFO  [http-nio-8082-exec-1] org.apache.catalina.core.ContainerBase.[Tomcat].[localhost].[/]:Initializing Spring DispatcherServlet 'dispatcherServlet'
2022-10-13 12:05:13,076 INFO  [File Watcher] org.springframework.boot.devtools.autoconfigure.LocalDevToolsAutoConfiguration$RestartingClassPathChangeChangedEventListener:Restarting due to 3 class path changes (0 additions, 0 deletions, 3 modifications)
2022-10-13 12:05:13,435 INFO  [Thread-5] org.apache.catalina.core.StandardService:Stopping service [Tomcat]
2022-10-13 12:05:13,438 INFO  [Thread-5] org.apache.catalina.core.ContainerBase.[Tomcat].[localhost].[/]:Destroying Spring FrameworkServlet 'dispatcherServlet'
2022-10-13 12:05:13,575 INFO  [restartedMain] com.tpe.SpringBootPrcApplication:Starting SpringBootPrcApplication using Java 11.0.16 on DESKTOP-4Q8PUKN with PID 7064 (C:\Users\seves\Desktop\STS\spring-boot-prc\target\classes started by seves in C:\Users\seves\Desktop\STS\spring-boot-prc)
2022-10-13 12:05:13,576 DEBUG [restartedMain] com.tpe.SpringBootPrcApplication:Running with Spring Boot v2.7.4, Spring v5.3.23
2022-10-13 12:05:13,576 INFO  [restartedMain] com.tpe.SpringBootPrcApplication:No active profile set, falling back to 1 default profile: "default"
2022-10-13 12:05:13,810 INFO  [restartedMain] org.springframework.context.support.PostProcessorRegistrationDelegate$BeanPostProcessorChecker:Bean 'org.springframework.ws.config.annotation.DelegatingWsConfiguration' of type [org.springframework.ws.config.annotation.DelegatingWsConfiguration$$EnhancerBySpringCGLIB$$5cd173d6] is not eligible for getting processed by all BeanPostProcessors (for example: not eligible for auto-proxying)
2022-10-13 12:05:13,813 INFO  [restartedMain] org.springframework.ws.soap.addressing.server.AnnotationActionEndpointMapping:Supporting [WS-Addressing August 2004, WS-Addressing 1.0]
2022-10-13 12:05:13,868 INFO  [restartedMain] org.springframework.boot.web.embedded.tomcat.TomcatWebServer:Tomcat initialized with port(s): 8082 (http)
2022-10-13 12:05:13,869 INFO  [restartedMain] org.apache.catalina.core.StandardService:Starting service [Tomcat]
2022-10-13 12:05:13,869 INFO  [restartedMain] org.apache.catalina.core.StandardEngine:Starting Servlet engine: [Apache Tomcat/9.0.65]
2022-10-13 12:05:13,893 INFO  [restartedMain] org.apache.catalina.core.ContainerBase.[Tomcat].[localhost].[/]:Initializing Spring embedded WebApplicationContext
2022-10-13 12:05:13,893 INFO  [restartedMain] org.springframework.boot.web.servlet.context.ServletWebServerApplicationContext:Root WebApplicationContext: initialization completed in 313 ms
2022-10-13 12:05:14,004 INFO  [restartedMain] org.springframework.boot.devtools.autoconfigure.OptionalLiveReloadServer:LiveReload server is running on port 35729
2022-10-13 12:05:14,017 INFO  [restartedMain] org.springframework.boot.web.embedded.tomcat.TomcatWebServer:Tomcat started on port(s): 8082 (http) with context path ''
2022-10-13 12:05:14,029 INFO  [restartedMain] com.tpe.SpringBootPrcApplication:Started SpringBootPrcApplication in 0.499 seconds (JVM running for 741.722)
2022-10-13 12:05:14,035 INFO  [restartedMain] org.springframework.boot.devtools.autoconfigure.ConditionEvaluationDeltaLoggingListener:Condition evaluation unchanged
2022-10-13 12:05:27,390 INFO  [http-nio-8082-exec-1] org.apache.catalina.core.ContainerBase.[Tomcat].[localhost].[/]:Initializing Spring DispatcherServlet 'dispatcherServlet'
2022-10-13 12:05:51,278 INFO  [RMI TCP Connection(26)-127.0.0.1] org.springframework.boot.admin.SpringApplicationAdminMXBeanRegistrar$SpringApplicationAdmin:Application shutdown requested.
2022-10-13 12:05:51,547 INFO  [RMI TCP Connection(26)-127.0.0.1] org.apache.catalina.core.StandardService:Stopping service [Tomcat]
2022-10-13 12:05:51,549 INFO  [RMI TCP Connection(26)-127.0.0.1] org.apache.catalina.core.ContainerBase.[Tomcat].[localhost].[/]:Destroying Spring FrameworkServlet 'dispatcherServlet'
2022-10-13 12:06:04,408 INFO  [restartedMain] com.tpe.SpringBootPrcApplication:Starting SpringBootPrcApplication using Java 11.0.16 on DESKTOP-4Q8PUKN with PID 11324 (C:\Users\seves\Desktop\STS\spring-boot-prc\target\classes started by seves in C:\Users\seves\Desktop\STS\spring-boot-prc)
2022-10-13 12:06:04,409 DEBUG [restartedMain] com.tpe.SpringBootPrcApplication:Running with Spring Boot v2.7.4, Spring v5.3.23
2022-10-13 12:06:04,410 INFO  [restartedMain] com.tpe.SpringBootPrcApplication:No active profile set, falling back to 1 default profile: "default"
2022-10-13 12:06:04,488 INFO  [restartedMain] org.springframework.boot.devtools.env.DevToolsPropertyDefaultsPostProcessor:Devtools property defaults active! Set 'spring.devtools.add-properties' to 'false' to disable
2022-10-13 12:06:04,488 INFO  [restartedMain] org.springframework.boot.devtools.env.DevToolsPropertyDefaultsPostProcessor:For additional web related logging consider setting the 'logging.level.web' property to 'DEBUG'
2022-10-13 12:06:05,366 INFO  [restartedMain] org.springframework.context.support.PostProcessorRegistrationDelegate$BeanPostProcessorChecker:Bean 'org.springframework.ws.config.annotation.DelegatingWsConfiguration' of type [org.springframework.ws.config.annotation.DelegatingWsConfiguration$$EnhancerBySpringCGLIB$$905ebffc] is not eligible for getting processed by all BeanPostProcessors (for example: not eligible for auto-proxying)
2022-10-13 12:06:05,447 INFO  [restartedMain] org.springframework.ws.soap.addressing.server.AnnotationActionEndpointMapping:Supporting [WS-Addressing August 2004, WS-Addressing 1.0]
2022-10-13 12:06:05,839 INFO  [restartedMain] org.springframework.boot.web.embedded.tomcat.TomcatWebServer:Tomcat initialized with port(s): 8082 (http)
2022-10-13 12:06:05,857 INFO  [restartedMain] org.apache.catalina.core.StandardService:Starting service [Tomcat]
2022-10-13 12:06:05,858 INFO  [restartedMain] org.apache.catalina.core.StandardEngine:Starting Servlet engine: [Apache Tomcat/9.0.65]
2022-10-13 12:06:05,950 INFO  [restartedMain] org.apache.catalina.core.ContainerBase.[Tomcat].[localhost].[/]:Initializing Spring embedded WebApplicationContext
2022-10-13 12:06:05,951 INFO  [restartedMain] org.springframework.boot.web.servlet.context.ServletWebServerApplicationContext:Root WebApplicationContext: initialization completed in 1461 ms
2022-10-13 12:06:06,461 INFO  [restartedMain] org.springframework.boot.devtools.autoconfigure.OptionalLiveReloadServer:LiveReload server is running on port 35729
2022-10-13 12:06:06,523 INFO  [restartedMain] org.springframework.boot.web.embedded.tomcat.TomcatWebServer:Tomcat started on port(s): 8082 (http) with context path ''
2022-10-13 12:06:06,543 INFO  [restartedMain] com.tpe.SpringBootPrcApplication:Started SpringBootPrcApplication in 2.835 seconds (JVM running for 4.229)
2022-10-13 12:09:12,278 INFO  [File Watcher] org.springframework.boot.devtools.autoconfigure.LocalDevToolsAutoConfiguration$RestartingClassPathChangeChangedEventListener:Restarting due to 1 class path change (0 additions, 0 deletions, 1 modification)
2022-10-13 12:09:12,894 INFO  [Thread-5] org.apache.catalina.core.StandardService:Stopping service [Tomcat]
2022-10-13 12:09:13,124 INFO  [restartedMain] com.tpe.SpringBootPrcApplication:Starting SpringBootPrcApplication using Java 11.0.16 on DESKTOP-4Q8PUKN with PID 11324 (C:\Users\seves\Desktop\STS\spring-boot-prc\target\classes started by seves in C:\Users\seves\Desktop\STS\spring-boot-prc)
2022-10-13 12:09:13,124 DEBUG [restartedMain] com.tpe.SpringBootPrcApplication:Running with Spring Boot v2.7.4, Spring v5.3.23
2022-10-13 12:09:13,124 INFO  [restartedMain] com.tpe.SpringBootPrcApplication:No active profile set, falling back to 1 default profile: "default"
2022-10-13 12:09:13,512 INFO  [restartedMain] org.springframework.context.support.PostProcessorRegistrationDelegate$BeanPostProcessorChecker:Bean 'org.springframework.ws.config.annotation.DelegatingWsConfiguration' of type [org.springframework.ws.config.annotation.DelegatingWsConfiguration$$EnhancerBySpringCGLIB$$905ebffc] is not eligible for getting processed by all BeanPostProcessors (for example: not eligible for auto-proxying)
2022-10-13 12:09:13,516 INFO  [restartedMain] org.springframework.ws.soap.addressing.server.AnnotationActionEndpointMapping:Supporting [WS-Addressing August 2004, WS-Addressing 1.0]
2022-10-13 12:09:13,559 INFO  [restartedMain] org.springframework.boot.web.embedded.tomcat.TomcatWebServer:Tomcat initialized with port(s): 8082 (http)
2022-10-13 12:09:13,561 INFO  [restartedMain] org.apache.catalina.core.StandardService:Starting service [Tomcat]
2022-10-13 12:09:13,561 INFO  [restartedMain] org.apache.catalina.core.StandardEngine:Starting Servlet engine: [Apache Tomcat/9.0.65]
2022-10-13 12:09:13,581 INFO  [restartedMain] org.apache.catalina.core.ContainerBase.[Tomcat].[localhost].[/]:Initializing Spring embedded WebApplicationContext
2022-10-13 12:09:13,582 INFO  [restartedMain] org.springframework.boot.web.servlet.context.ServletWebServerApplicationContext:Root WebApplicationContext: initialization completed in 453 ms
2022-10-13 12:09:13,688 INFO  [restartedMain] org.springframework.boot.devtools.autoconfigure.OptionalLiveReloadServer:LiveReload server is running on port 35729
2022-10-13 12:09:13,700 INFO  [restartedMain] org.springframework.boot.web.embedded.tomcat.TomcatWebServer:Tomcat started on port(s): 8082 (http) with context path ''
2022-10-13 12:09:13,709 INFO  [restartedMain] com.tpe.SpringBootPrcApplication:Started SpringBootPrcApplication in 0.683 seconds (JVM running for 191.395)
2022-10-13 12:09:13,713 INFO  [restartedMain] org.springframework.boot.devtools.autoconfigure.ConditionEvaluationDeltaLoggingListener:Condition evaluation unchanged
2022-10-13 12:12:41,206 INFO  [File Watcher] org.springframework.boot.devtools.autoconfigure.LocalDevToolsAutoConfiguration$RestartingClassPathChangeChangedEventListener:Restarting due to 1 class path change (0 additions, 0 deletions, 1 modification)
2022-10-13 12:12:41,529 INFO  [Thread-7] org.apache.catalina.core.StandardService:Stopping service [Tomcat]
2022-10-13 12:12:41,636 INFO  [restartedMain] com.tpe.SpringBootPrcApplication:Starting SpringBootPrcApplication using Java 11.0.16 on DESKTOP-4Q8PUKN with PID 11324 (C:\Users\seves\Desktop\STS\spring-boot-prc\target\classes started by seves in C:\Users\seves\Desktop\STS\spring-boot-prc)
2022-10-13 12:12:41,637 DEBUG [restartedMain] com.tpe.SpringBootPrcApplication:Running with Spring Boot v2.7.4, Spring v5.3.23
2022-10-13 12:12:41,637 INFO  [restartedMain] com.tpe.SpringBootPrcApplication:No active profile set, falling back to 1 default profile: "default"
2022-10-13 12:12:41,870 INFO  [restartedMain] org.springframework.context.support.PostProcessorRegistrationDelegate$BeanPostProcessorChecker:Bean 'org.springframework.ws.config.annotation.DelegatingWsConfiguration' of type [org.springframework.ws.config.annotation.DelegatingWsConfiguration$$EnhancerBySpringCGLIB$$905ebffc] is not eligible for getting processed by all BeanPostProcessors (for example: not eligible for auto-proxying)
2022-10-13 12:12:41,873 INFO  [restartedMain] org.springframework.ws.soap.addressing.server.AnnotationActionEndpointMapping:Supporting [WS-Addressing August 2004, WS-Addressing 1.0]
2022-10-13 12:12:41,927 INFO  [restartedMain] org.springframework.boot.web.embedded.tomcat.TomcatWebServer:Tomcat initialized with port(s): 8082 (http)
2022-10-13 12:12:41,929 INFO  [restartedMain] org.apache.catalina.core.StandardService:Starting service [Tomcat]
2022-10-13 12:12:41,929 INFO  [restartedMain] org.apache.catalina.core.StandardEngine:Starting Servlet engine: [Apache Tomcat/9.0.65]
2022-10-13 12:12:41,955 INFO  [restartedMain] org.apache.catalina.core.ContainerBase.[Tomcat].[localhost].[/]:Initializing Spring embedded WebApplicationContext
2022-10-13 12:12:41,955 INFO  [restartedMain] org.springframework.boot.web.servlet.context.ServletWebServerApplicationContext:Root WebApplicationContext: initialization completed in 313 ms
2022-10-13 12:12:42,120 INFO  [restartedMain] org.springframework.boot.devtools.autoconfigure.OptionalLiveReloadServer:LiveReload server is running on port 35729
2022-10-13 12:12:42,130 INFO  [restartedMain] org.springframework.boot.web.embedded.tomcat.TomcatWebServer:Tomcat started on port(s): 8082 (http) with context path ''
2022-10-13 12:12:42,138 INFO  [restartedMain] com.tpe.SpringBootPrcApplication:Started SpringBootPrcApplication in 0.55 seconds (JVM running for 399.824)
2022-10-13 12:12:42,142 INFO  [restartedMain] org.springframework.boot.devtools.autoconfigure.ConditionEvaluationDeltaLoggingListener:Condition evaluation unchanged
2022-10-13 12:13:05,187 INFO  [http-nio-8082-exec-1] org.apache.catalina.core.ContainerBase.[Tomcat].[localhost].[/]:Initializing Spring DispatcherServlet 'dispatcherServlet'
2022-10-13 12:23:42,443 INFO  [RMI TCP Connection(32)-127.0.0.1] org.springframework.boot.admin.SpringApplicationAdminMXBeanRegistrar$SpringApplicationAdmin:Application shutdown requested.
2022-10-13 12:23:42,955 INFO  [RMI TCP Connection(32)-127.0.0.1] org.apache.catalina.core.StandardService:Stopping service [Tomcat]
2022-10-13 12:23:42,956 INFO  [RMI TCP Connection(32)-127.0.0.1] org.apache.catalina.core.ContainerBase.[Tomcat].[localhost].[/]:Destroying Spring FrameworkServlet 'dispatcherServlet'
