2022-11-15 08:28:57,334 INFO  [restartedMain] com.visionrent.VisionrentApplication:Starting VisionrentApplication using Java 11.0.16 on DESKTOP-4Q8PUKN with PID 6840 (C:\Users\seves\Documents\workspace-spring-tool-suite-4-4.15.3.RELEASE\visionrent\target\classes started by seves in C:\Users\seves\Documents\workspace-spring-tool-suite-4-4.15.3.RELEASE\visionrent)
2022-11-15 08:28:57,345 INFO  [restartedMain] com.visionrent.VisionrentApplication:No active profile set, falling back to 1 default profile: "default"
2022-11-15 08:28:57,463 INFO  [restartedMain] org.springframework.boot.devtools.env.DevToolsPropertyDefaultsPostProcessor:Devtools property defaults active! Set 'spring.devtools.add-properties' to 'false' to disable
2022-11-15 08:28:57,464 INFO  [restartedMain] org.springframework.boot.devtools.env.DevToolsPropertyDefaultsPostProcessor:For additional web related logging consider setting the 'logging.level.web' property to 'DEBUG'
2022-11-15 08:28:59,112 INFO  [restartedMain] org.springframework.data.repository.config.RepositoryConfigurationDelegate:Bootstrapping Spring Data JPA repositories in DEFAULT mode.
2022-11-15 08:28:59,279 INFO  [restartedMain] org.springframework.data.repository.config.RepositoryConfigurationDelegate:Finished Spring Data repository scanning in 150 ms. Found 6 JPA repository interfaces.
2022-11-15 08:29:00,446 INFO  [restartedMain] org.springframework.boot.web.embedded.tomcat.TomcatWebServer:Tomcat initialized with port(s): 8080 (http)
2022-11-15 08:29:00,463 INFO  [restartedMain] org.apache.catalina.core.StandardService:Starting service [Tomcat]
2022-11-15 08:29:00,464 INFO  [restartedMain] org.apache.catalina.core.StandardEngine:Starting Servlet engine: [Apache Tomcat/9.0.68]
2022-11-15 08:29:00,615 INFO  [restartedMain] org.apache.catalina.core.ContainerBase.[Tomcat].[localhost].[/]:Initializing Spring embedded WebApplicationContext
2022-11-15 08:29:00,615 INFO  [restartedMain] org.springframework.boot.web.servlet.context.ServletWebServerApplicationContext:Root WebApplicationContext: initialization completed in 3149 ms
2022-11-15 08:29:01,113 INFO  [restartedMain] org.hibernate.jpa.internal.util.LogHelper:HHH000204: Processing PersistenceUnitInfo [name: default]
2022-11-15 08:29:01,244 INFO  [restartedMain] org.hibernate.Version:HHH000412: Hibernate ORM core version 5.6.12.Final
2022-11-15 08:29:01,547 INFO  [restartedMain] org.hibernate.annotations.common.Version:HCANN000001: Hibernate Commons Annotations {5.1.2.Final}
2022-11-15 08:29:01,733 INFO  [restartedMain] com.zaxxer.hikari.HikariDataSource:HikariPool-1 - Starting...
2022-11-15 08:29:01,925 INFO  [restartedMain] com.zaxxer.hikari.HikariDataSource:HikariPool-1 - Start completed.
2022-11-15 08:29:01,957 INFO  [restartedMain] org.hibernate.dialect.Dialect:HHH000400: Using dialect: org.hibernate.dialect.PostgreSQLDialect
2022-11-15 08:29:03,482 INFO  [restartedMain] org.hibernate.engine.transaction.jta.platform.internal.JtaPlatformInitiator:HHH000490: Using JtaPlatform implementation: [org.hibernate.engine.transaction.jta.platform.internal.NoJtaPlatform]
2022-11-15 08:29:03,501 INFO  [restartedMain] org.springframework.orm.jpa.LocalContainerEntityManagerFactoryBean:Initialized JPA EntityManagerFactory for persistence unit 'default'
2022-11-15 08:29:04,275 ERROR [restartedMain] org.springframework.boot.web.embedded.tomcat.TomcatStarter:Error starting Tomcat context. Exception: org.springframework.beans.factory.UnsatisfiedDependencyException. Message: Error creating bean with name 'securityConfig': Unsatisfied dependency expressed through field 'userDetailsService'; nested exception is org.springframework.beans.factory.UnsatisfiedDependencyException: Error creating bean with name 'userDetailsServiceImpl': Unsatisfied dependency expressed through field 'userService'; nested exception is org.springframework.beans.factory.UnsatisfiedDependencyException: Error creating bean with name 'userService' defined in file [C:\Users\seves\Documents\workspace-spring-tool-suite-4-4.15.3.RELEASE\visionrent\target\classes\com\visionrent\service\UserService.class]: Unsatisfied dependency expressed through constructor parameter 4; nested exception is org.springframework.beans.factory.UnsatisfiedDependencyException: Error creating bean with name 'reservationService': Unsatisfied dependency expressed through field 'reservationRepository'; nested exception is org.springframework.beans.factory.BeanCreationException: Error creating bean with name 'reservationRepository' defined in com.visionrent.repository.ReservationRepository defined in @EnableJpaRepositories declared on JpaRepositoriesRegistrar.EnableJpaRepositoriesConfiguration: Invocation of init method failed; nested exception is org.springframework.data.repository.query.QueryCreationException: Could not create query for public abstract boolean com.visionrent.repository.ReservationRepository.existByCar(com.visionrent.domain.Car); Reason: Failed to create query for method public abstract boolean com.visionrent.repository.ReservationRepository.existByCar(com.visionrent.domain.Car)! No property 'existByCar' found for type 'Reservation'; nested exception is java.lang.IllegalArgumentException: Failed to create query for method public abstract boolean com.visionrent.repository.ReservationRepository.existByCar(com.visionrent.domain.Car)! No property 'existByCar' found for type 'Reservation'
2022-11-15 08:29:04,324 INFO  [restartedMain] org.apache.catalina.core.StandardService:Stopping service [Tomcat]
2022-11-15 08:29:04,330 WARN  [restartedMain] org.apache.catalina.loader.WebappClassLoaderBase:The web application [ROOT] appears to have started a thread named [HikariPool-1 housekeeper] but has failed to stop it. This is very likely to create a memory leak. Stack trace of thread:
 java.base@11.0.16/jdk.internal.misc.Unsafe.park(Native Method)
 java.base@11.0.16/java.util.concurrent.locks.LockSupport.parkNanos(LockSupport.java:234)
 java.base@11.0.16/java.util.concurrent.locks.AbstractQueuedSynchronizer$ConditionObject.awaitNanos(AbstractQueuedSynchronizer.java:2123)
 java.base@11.0.16/java.util.concurrent.ScheduledThreadPoolExecutor$DelayedWorkQueue.take(ScheduledThreadPoolExecutor.java:1182)
 java.base@11.0.16/java.util.concurrent.ScheduledThreadPoolExecutor$DelayedWorkQueue.take(ScheduledThreadPoolExecutor.java:899)
 java.base@11.0.16/java.util.concurrent.ThreadPoolExecutor.getTask(ThreadPoolExecutor.java:1054)
 java.base@11.0.16/java.util.concurrent.ThreadPoolExecutor.runWorker(ThreadPoolExecutor.java:1114)
 java.base@11.0.16/java.util.concurrent.ThreadPoolExecutor$Worker.run(ThreadPoolExecutor.java:628)
 java.base@11.0.16/java.lang.Thread.run(Thread.java:834)
2022-11-15 08:29:04,331 WARN  [restartedMain] org.apache.catalina.loader.WebappClassLoaderBase:The web application [ROOT] appears to have started a thread named [HikariPool-1 connection adder] but has failed to stop it. This is very likely to create a memory leak. Stack trace of thread:
 java.base@11.0.16/jdk.internal.misc.Unsafe.park(Native Method)
 java.base@11.0.16/java.util.concurrent.locks.LockSupport.parkNanos(LockSupport.java:234)
 java.base@11.0.16/java.util.concurrent.locks.AbstractQueuedSynchronizer$ConditionObject.awaitNanos(AbstractQueuedSynchronizer.java:2123)
 java.base@11.0.16/java.util.concurrent.LinkedBlockingQueue.poll(LinkedBlockingQueue.java:458)
 java.base@11.0.16/java.util.concurrent.ThreadPoolExecutor.getTask(ThreadPoolExecutor.java:1053)
 java.base@11.0.16/java.util.concurrent.ThreadPoolExecutor.runWorker(ThreadPoolExecutor.java:1114)
 java.base@11.0.16/java.util.concurrent.ThreadPoolExecutor$Worker.run(ThreadPoolExecutor.java:628)
 java.base@11.0.16/java.lang.Thread.run(Thread.java:834)
2022-11-15 08:29:04,333 WARN  [restartedMain] org.springframework.boot.web.servlet.context.AnnotationConfigServletWebServerApplicationContext:Exception encountered during context initialization - cancelling refresh attempt: org.springframework.context.ApplicationContextException: Unable to start web server; nested exception is org.springframework.boot.web.server.WebServerException: Unable to start embedded Tomcat
2022-11-15 08:29:04,334 INFO  [restartedMain] org.springframework.orm.jpa.LocalContainerEntityManagerFactoryBean:Closing JPA EntityManagerFactory for persistence unit 'default'
2022-11-15 08:29:04,342 INFO  [restartedMain] com.zaxxer.hikari.HikariDataSource:HikariPool-1 - Shutdown initiated...
2022-11-15 08:29:04,352 INFO  [restartedMain] com.zaxxer.hikari.HikariDataSource:HikariPool-1 - Shutdown completed.
2022-11-15 08:29:04,400 INFO  [restartedMain] org.springframework.boot.autoconfigure.logging.ConditionEvaluationReportLoggingListener:

Error starting ApplicationContext. To display the conditions report re-run your application with 'debug' enabled.
2022-11-15 08:29:04,468 ERROR [restartedMain] org.springframework.boot.SpringApplication:Application run failed
org.springframework.context.ApplicationContextException: Unable to start web server; nested exception is org.springframework.boot.web.server.WebServerException: Unable to start embedded Tomcat
	at org.springframework.boot.web.servlet.context.ServletWebServerApplicationContext.onRefresh(ServletWebServerApplicationContext.java:165)
	at org.springframework.context.support.AbstractApplicationContext.refresh(AbstractApplicationContext.java:577)
	at org.springframework.boot.web.servlet.context.ServletWebServerApplicationContext.refresh(ServletWebServerApplicationContext.java:147)
	at org.springframework.boot.SpringApplication.refresh(SpringApplication.java:734)
	at org.springframework.boot.SpringApplication.refreshContext(SpringApplication.java:408)
	at org.springframework.boot.SpringApplication.run(SpringApplication.java:308)
	at org.springframework.boot.SpringApplication.run(SpringApplication.java:1306)
	at org.springframework.boot.SpringApplication.run(SpringApplication.java:1295)
	at com.visionrent.VisionrentApplication.main(VisionrentApplication.java:10)
	at java.base/jdk.internal.reflect.NativeMethodAccessorImpl.invoke0(Native Method)
	at java.base/jdk.internal.reflect.NativeMethodAccessorImpl.invoke(NativeMethodAccessorImpl.java:62)
	at java.base/jdk.internal.reflect.DelegatingMethodAccessorImpl.invoke(DelegatingMethodAccessorImpl.java:43)
	at java.base/java.lang.reflect.Method.invoke(Method.java:566)
	at org.springframework.boot.devtools.restart.RestartLauncher.run(RestartLauncher.java:49)
Caused by: org.springframework.boot.web.server.WebServerException: Unable to start embedded Tomcat
	at org.springframework.boot.web.embedded.tomcat.TomcatWebServer.initialize(TomcatWebServer.java:142)
	at org.springframework.boot.web.embedded.tomcat.TomcatWebServer.<init>(TomcatWebServer.java:104)
	at org.springframework.boot.web.embedded.tomcat.TomcatServletWebServerFactory.getTomcatWebServer(TomcatServletWebServerFactory.java:479)
	at org.springframework.boot.web.embedded.tomcat.TomcatServletWebServerFactory.getWebServer(TomcatServletWebServerFactory.java:211)
	at org.springframework.boot.web.servlet.context.ServletWebServerApplicationContext.createWebServer(ServletWebServerApplicationContext.java:184)
	at org.springframework.boot.web.servlet.context.ServletWebServerApplicationContext.onRefresh(ServletWebServerApplicationContext.java:162)
	... 13 common frames omitted
Caused by: org.springframework.beans.factory.UnsatisfiedDependencyException: Error creating bean with name 'securityConfig': Unsatisfied dependency expressed through field 'userDetailsService'; nested exception is org.springframework.beans.factory.UnsatisfiedDependencyException: Error creating bean with name 'userDetailsServiceImpl': Unsatisfied dependency expressed through field 'userService'; nested exception is org.springframework.beans.factory.UnsatisfiedDependencyException: Error creating bean with name 'userService' defined in file [C:\Users\seves\Documents\workspace-spring-tool-suite-4-4.15.3.RELEASE\visionrent\target\classes\com\visionrent\service\UserService.class]: Unsatisfied dependency expressed through constructor parameter 4; nested exception is org.springframework.beans.factory.UnsatisfiedDependencyException: Error creating bean with name 'reservationService': Unsatisfied dependency expressed through field 'reservationRepository'; nested exception is org.springframework.beans.factory.BeanCreationException: Error creating bean with name 'reservationRepository' defined in com.visionrent.repository.ReservationRepository defined in @EnableJpaRepositories declared on JpaRepositoriesRegistrar.EnableJpaRepositoriesConfiguration: Invocation of init method failed; nested exception is org.springframework.data.repository.query.QueryCreationException: Could not create query for public abstract boolean com.visionrent.repository.ReservationRepository.existByCar(com.visionrent.domain.Car); Reason: Failed to create query for method public abstract boolean com.visionrent.repository.ReservationRepository.existByCar(com.visionrent.domain.Car)! No property 'existByCar' found for type 'Reservation'; nested exception is java.lang.IllegalArgumentException: Failed to create query for method public abstract boolean com.visionrent.repository.ReservationRepository.existByCar(com.visionrent.domain.Car)! No property 'existByCar' found for type 'Reservation'
	at org.springframework.beans.factory.annotation.AutowiredAnnotationBeanPostProcessor$AutowiredFieldElement.resolveFieldValue(AutowiredAnnotationBeanPostProcessor.java:659)
	at org.springframework.beans.factory.annotation.AutowiredAnnotationBeanPostProcessor$AutowiredFieldElement.inject(AutowiredAnnotationBeanPostProcessor.java:639)
	at org.springframework.beans.factory.annotation.InjectionMetadata.inject(InjectionMetadata.java:119)
	at org.springframework.beans.factory.annotation.AutowiredAnnotationBeanPostProcessor.postProcessProperties(AutowiredAnnotationBeanPostProcessor.java:399)
	at org.springframework.beans.factory.support.AbstractAutowireCapableBeanFactory.populateBean(AbstractAutowireCapableBeanFactory.java:1431)
	at org.springframework.beans.factory.support.AbstractAutowireCapableBeanFactory.doCreateBean(AbstractAutowireCapableBeanFactory.java:619)
	at org.springframework.beans.factory.support.AbstractAutowireCapableBeanFactory.createBean(AbstractAutowireCapableBeanFactory.java:542)
	at org.springframework.beans.factory.support.AbstractBeanFactory.lambda$doGetBean$0(AbstractBeanFactory.java:335)
	at org.springframework.beans.factory.support.DefaultSingletonBeanRegistry.getSingleton(DefaultSingletonBeanRegistry.java:234)
	at org.springframework.beans.factory.support.AbstractBeanFactory.doGetBean(AbstractBeanFactory.java:333)
	at org.springframework.beans.factory.support.AbstractBeanFactory.getBean(AbstractBeanFactory.java:208)
	at org.springframework.beans.factory.support.ConstructorResolver.instantiateUsingFactoryMethod(ConstructorResolver.java:410)
	at org.springframework.beans.factory.support.AbstractAutowireCapableBeanFactory.instantiateUsingFactoryMethod(AbstractAutowireCapableBeanFactory.java:1352)
	at org.springframework.beans.factory.support.AbstractAutowireCapableBeanFactory.createBeanInstance(AbstractAutowireCapableBeanFactory.java:1195)
	at org.springframework.beans.factory.support.AbstractAutowireCapableBeanFactory.doCreateBean(AbstractAutowireCapableBeanFactory.java:582)
	at org.springframework.beans.factory.support.AbstractAutowireCapableBeanFactory.createBean(AbstractAutowireCapableBeanFactory.java:542)
	at org.springframework.beans.factory.support.AbstractBeanFactory.lambda$doGetBean$0(AbstractBeanFactory.java:335)
	at org.springframework.beans.factory.support.DefaultSingletonBeanRegistry.getSingleton(DefaultSingletonBeanRegistry.java:234)
	at org.springframework.beans.factory.support.AbstractBeanFactory.doGetBean(AbstractBeanFactory.java:333)
	at org.springframework.beans.factory.support.AbstractBeanFactory.getBean(AbstractBeanFactory.java:213)
	at org.springframework.boot.web.servlet.ServletContextInitializerBeans.getOrderedBeansOfType(ServletContextInitializerBeans.java:212)
	at org.springframework.boot.web.servlet.ServletContextInitializerBeans.addAsRegistrationBean(ServletContextInitializerBeans.java:175)
	at org.springframework.boot.web.servlet.ServletContextInitializerBeans.addAsRegistrationBean(ServletContextInitializerBeans.java:170)
	at org.springframework.boot.web.servlet.ServletContextInitializerBeans.addAdaptableBeans(ServletContextInitializerBeans.java:155)
	at org.springframework.boot.web.servlet.ServletContextInitializerBeans.<init>(ServletContextInitializerBeans.java:87)
	at org.springframework.boot.web.servlet.context.ServletWebServerApplicationContext.getServletContextInitializerBeans(ServletWebServerApplicationContext.java:262)
	at org.springframework.boot.web.servlet.context.ServletWebServerApplicationContext.selfInitialize(ServletWebServerApplicationContext.java:236)
	at org.springframework.boot.web.embedded.tomcat.TomcatStarter.onStartup(TomcatStarter.java:53)
	at org.apache.catalina.core.StandardContext.startInternal(StandardContext.java:5220)
	at org.apache.catalina.util.LifecycleBase.start(LifecycleBase.java:183)
	at org.apache.catalina.core.ContainerBase$StartChild.call(ContainerBase.java:1396)
	at org.apache.catalina.core.ContainerBase$StartChild.call(ContainerBase.java:1386)
	at java.base/java.util.concurrent.FutureTask.run(FutureTask.java:264)
	at org.apache.tomcat.util.threads.InlineExecutorService.execute(InlineExecutorService.java:75)
	at java.base/java.util.concurrent.AbstractExecutorService.submit(AbstractExecutorService.java:140)
	at org.apache.catalina.core.ContainerBase.startInternal(ContainerBase.java:919)
	at org.apache.catalina.core.StandardHost.startInternal(StandardHost.java:835)
	at org.apache.catalina.util.LifecycleBase.start(LifecycleBase.java:183)
	at org.apache.catalina.core.ContainerBase$StartChild.call(ContainerBase.java:1396)
	at org.apache.catalina.core.ContainerBase$StartChild.call(ContainerBase.java:1386)
	at java.base/java.util.concurrent.FutureTask.run(FutureTask.java:264)
	at org.apache.tomcat.util.threads.InlineExecutorService.execute(InlineExecutorService.java:75)
	at java.base/java.util.concurrent.AbstractExecutorService.submit(AbstractExecutorService.java:140)
	at org.apache.catalina.core.ContainerBase.startInternal(ContainerBase.java:919)
	at org.apache.catalina.core.StandardEngine.startInternal(StandardEngine.java:265)
	at org.apache.catalina.util.LifecycleBase.start(LifecycleBase.java:183)
	at org.apache.catalina.core.StandardService.startInternal(StandardService.java:432)
	at org.apache.catalina.util.LifecycleBase.start(LifecycleBase.java:183)
	at org.apache.catalina.core.StandardServer.startInternal(StandardServer.java:930)
	at org.apache.catalina.util.LifecycleBase.start(LifecycleBase.java:183)
	at org.apache.catalina.startup.Tomcat.start(Tomcat.java:486)
	at org.springframework.boot.web.embedded.tomcat.TomcatWebServer.initialize(TomcatWebServer.java:123)
	... 18 common frames omitted
Caused by: org.springframework.beans.factory.UnsatisfiedDependencyException: Error creating bean with name 'userDetailsServiceImpl': Unsatisfied dependency expressed through field 'userService'; nested exception is org.springframework.beans.factory.UnsatisfiedDependencyException: Error creating bean with name 'userService' defined in file [C:\Users\seves\Documents\workspace-spring-tool-suite-4-4.15.3.RELEASE\visionrent\target\classes\com\visionrent\service\UserService.class]: Unsatisfied dependency expressed through constructor parameter 4; nested exception is org.springframework.beans.factory.UnsatisfiedDependencyException: Error creating bean with name 'reservationService': Unsatisfied dependency expressed through field 'reservationRepository'; nested exception is org.springframework.beans.factory.BeanCreationException: Error creating bean with name 'reservationRepository' defined in com.visionrent.repository.ReservationRepository defined in @EnableJpaRepositories declared on JpaRepositoriesRegistrar.EnableJpaRepositoriesConfiguration: Invocation of init method failed; nested exception is org.springframework.data.repository.query.QueryCreationException: Could not create query for public abstract boolean com.visionrent.repository.ReservationRepository.existByCar(com.visionrent.domain.Car); Reason: Failed to create query for method public abstract boolean com.visionrent.repository.ReservationRepository.existByCar(com.visionrent.domain.Car)! No property 'existByCar' found for type 'Reservation'; nested exception is java.lang.IllegalArgumentException: Failed to create query for method public abstract boolean com.visionrent.repository.ReservationRepository.existByCar(com.visionrent.domain.Car)! No property 'existByCar' found for type 'Reservation'
	at org.springframework.beans.factory.annotation.AutowiredAnnotationBeanPostProcessor$AutowiredFieldElement.resolveFieldValue(AutowiredAnnotationBeanPostProcessor.java:659)
	at org.springframework.beans.factory.annotation.AutowiredAnnotationBeanPostProcessor$AutowiredFieldElement.inject(AutowiredAnnotationBeanPostProcessor.java:639)
	at org.springframework.beans.factory.annotation.InjectionMetadata.inject(InjectionMetadata.java:119)
	at org.springframework.beans.factory.annotation.AutowiredAnnotationBeanPostProcessor.postProcessProperties(AutowiredAnnotationBeanPostProcessor.java:399)
	at org.springframework.beans.factory.support.AbstractAutowireCapableBeanFactory.populateBean(AbstractAutowireCapableBeanFactory.java:1431)
	at org.springframework.beans.factory.support.AbstractAutowireCapableBeanFactory.doCreateBean(AbstractAutowireCapableBeanFactory.java:619)
	at org.springframework.beans.factory.support.AbstractAutowireCapableBeanFactory.createBean(AbstractAutowireCapableBeanFactory.java:542)
	at org.springframework.beans.factory.support.AbstractBeanFactory.lambda$doGetBean$0(AbstractBeanFactory.java:335)
	at org.springframework.beans.factory.support.DefaultSingletonBeanRegistry.getSingleton(DefaultSingletonBeanRegistry.java:234)
	at org.springframework.beans.factory.support.AbstractBeanFactory.doGetBean(AbstractBeanFactory.java:333)
	at org.springframework.beans.factory.support.AbstractBeanFactory.getBean(AbstractBeanFactory.java:208)
	at org.springframework.beans.factory.config.DependencyDescriptor.resolveCandidate(DependencyDescriptor.java:276)
	at org.springframework.beans.factory.support.DefaultListableBeanFactory.doResolveDependency(DefaultListableBeanFactory.java:1391)
	at org.springframework.beans.factory.support.DefaultListableBeanFactory.resolveDependency(DefaultListableBeanFactory.java:1311)
	at org.springframework.beans.factory.annotation.AutowiredAnnotationBeanPostProcessor$AutowiredFieldElement.resolveFieldValue(AutowiredAnnotationBeanPostProcessor.java:656)
	... 69 common frames omitted
Caused by: org.springframework.beans.factory.UnsatisfiedDependencyException: Error creating bean with name 'userService' defined in file [C:\Users\seves\Documents\workspace-spring-tool-suite-4-4.15.3.RELEASE\visionrent\target\classes\com\visionrent\service\UserService.class]: Unsatisfied dependency expressed through constructor parameter 4; nested exception is org.springframework.beans.factory.UnsatisfiedDependencyException: Error creating bean with name 'reservationService': Unsatisfied dependency expressed through field 'reservationRepository'; nested exception is org.springframework.beans.factory.BeanCreationException: Error creating bean with name 'reservationRepository' defined in com.visionrent.repository.ReservationRepository defined in @EnableJpaRepositories declared on JpaRepositoriesRegistrar.EnableJpaRepositoriesConfiguration: Invocation of init method failed; nested exception is org.springframework.data.repository.query.QueryCreationException: Could not create query for public abstract boolean com.visionrent.repository.ReservationRepository.existByCar(com.visionrent.domain.Car); Reason: Failed to create query for method public abstract boolean com.visionrent.repository.ReservationRepository.existByCar(com.visionrent.domain.Car)! No property 'existByCar' found for type 'Reservation'; nested exception is java.lang.IllegalArgumentException: Failed to create query for method public abstract boolean com.visionrent.repository.ReservationRepository.existByCar(com.visionrent.domain.Car)! No property 'existByCar' found for type 'Reservation'
	at org.springframework.beans.factory.support.ConstructorResolver.createArgumentArray(ConstructorResolver.java:800)
	at org.springframework.beans.factory.support.ConstructorResolver.autowireConstructor(ConstructorResolver.java:229)
	at org.springframework.beans.factory.support.AbstractAutowireCapableBeanFactory.autowireConstructor(AbstractAutowireCapableBeanFactory.java:1372)
	at org.springframework.beans.factory.support.AbstractAutowireCapableBeanFactory.createBeanInstance(AbstractAutowireCapableBeanFactory.java:1222)
	at org.springframework.beans.factory.support.AbstractAutowireCapableBeanFactory.doCreateBean(AbstractAutowireCapableBeanFactory.java:582)
	at org.springframework.beans.factory.support.AbstractAutowireCapableBeanFactory.createBean(AbstractAutowireCapableBeanFactory.java:542)
	at org.springframework.beans.factory.support.AbstractBeanFactory.lambda$doGetBean$0(AbstractBeanFactory.java:335)
	at org.springframework.beans.factory.support.DefaultSingletonBeanRegistry.getSingleton(DefaultSingletonBeanRegistry.java:234)
	at org.springframework.beans.factory.support.AbstractBeanFactory.doGetBean(AbstractBeanFactory.java:333)
	at org.springframework.beans.factory.support.AbstractBeanFactory.getBean(AbstractBeanFactory.java:208)
	at org.springframework.beans.factory.config.DependencyDescriptor.resolveCandidate(DependencyDescriptor.java:276)
	at org.springframework.beans.factory.support.DefaultListableBeanFactory.doResolveDependency(DefaultListableBeanFactory.java:1391)
	at org.springframework.beans.factory.support.DefaultListableBeanFactory.resolveDependency(DefaultListableBeanFactory.java:1311)
	at org.springframework.beans.factory.annotation.AutowiredAnnotationBeanPostProcessor$AutowiredFieldElement.resolveFieldValue(AutowiredAnnotationBeanPostProcessor.java:656)
	... 83 common frames omitted
Caused by: org.springframework.beans.factory.UnsatisfiedDependencyException: Error creating bean with name 'reservationService': Unsatisfied dependency expressed through field 'reservationRepository'; nested exception is org.springframework.beans.factory.BeanCreationException: Error creating bean with name 'reservationRepository' defined in com.visionrent.repository.ReservationRepository defined in @EnableJpaRepositories declared on JpaRepositoriesRegistrar.EnableJpaRepositoriesConfiguration: Invocation of init method failed; nested exception is org.springframework.data.repository.query.QueryCreationException: Could not create query for public abstract boolean com.visionrent.repository.ReservationRepository.existByCar(com.visionrent.domain.Car); Reason: Failed to create query for method public abstract boolean com.visionrent.repository.ReservationRepository.existByCar(com.visionrent.domain.Car)! No property 'existByCar' found for type 'Reservation'; nested exception is java.lang.IllegalArgumentException: Failed to create query for method public abstract boolean com.visionrent.repository.ReservationRepository.existByCar(com.visionrent.domain.Car)! No property 'existByCar' found for type 'Reservation'
	at org.springframework.beans.factory.annotation.AutowiredAnnotationBeanPostProcessor$AutowiredFieldElement.resolveFieldValue(AutowiredAnnotationBeanPostProcessor.java:659)
	at org.springframework.beans.factory.annotation.AutowiredAnnotationBeanPostProcessor$AutowiredFieldElement.inject(AutowiredAnnotationBeanPostProcessor.java:639)
	at org.springframework.beans.factory.annotation.InjectionMetadata.inject(InjectionMetadata.java:119)
	at org.springframework.beans.factory.annotation.AutowiredAnnotationBeanPostProcessor.postProcessProperties(AutowiredAnnotationBeanPostProcessor.java:399)
	at org.springframework.beans.factory.support.AbstractAutowireCapableBeanFactory.populateBean(AbstractAutowireCapableBeanFactory.java:1431)
	at org.springframework.beans.factory.support.AbstractAutowireCapableBeanFactory.doCreateBean(AbstractAutowireCapableBeanFactory.java:619)
	at org.springframework.beans.factory.support.AbstractAutowireCapableBeanFactory.createBean(AbstractAutowireCapableBeanFactory.java:542)
	at org.springframework.beans.factory.support.AbstractBeanFactory.lambda$doGetBean$0(AbstractBeanFactory.java:335)
	at org.springframework.beans.factory.support.DefaultSingletonBeanRegistry.getSingleton(DefaultSingletonBeanRegistry.java:234)
	at org.springframework.beans.factory.support.AbstractBeanFactory.doGetBean(AbstractBeanFactory.java:333)
	at org.springframework.beans.factory.support.AbstractBeanFactory.getBean(AbstractBeanFactory.java:208)
	at org.springframework.beans.factory.config.DependencyDescriptor.resolveCandidate(DependencyDescriptor.java:276)
	at org.springframework.beans.factory.support.DefaultListableBeanFactory.doResolveDependency(DefaultListableBeanFactory.java:1391)
	at org.springframework.beans.factory.support.DefaultListableBeanFactory.resolveDependency(DefaultListableBeanFactory.java:1311)
	at org.springframework.beans.factory.support.ConstructorResolver.resolveAutowiredArgument(ConstructorResolver.java:887)
	at org.springframework.beans.factory.support.ConstructorResolver.createArgumentArray(ConstructorResolver.java:791)
	... 96 common frames omitted
Caused by: org.springframework.beans.factory.BeanCreationException: Error creating bean with name 'reservationRepository' defined in com.visionrent.repository.ReservationRepository defined in @EnableJpaRepositories declared on JpaRepositoriesRegistrar.EnableJpaRepositoriesConfiguration: Invocation of init method failed; nested exception is org.springframework.data.repository.query.QueryCreationException: Could not create query for public abstract boolean com.visionrent.repository.ReservationRepository.existByCar(com.visionrent.domain.Car); Reason: Failed to create query for method public abstract boolean com.visionrent.repository.ReservationRepository.existByCar(com.visionrent.domain.Car)! No property 'existByCar' found for type 'Reservation'; nested exception is java.lang.IllegalArgumentException: Failed to create query for method public abstract boolean com.visionrent.repository.ReservationRepository.existByCar(com.visionrent.domain.Car)! No property 'existByCar' found for type 'Reservation'
	at org.springframework.beans.factory.support.AbstractAutowireCapableBeanFactory.initializeBean(AbstractAutowireCapableBeanFactory.java:1804)
	at org.springframework.beans.factory.support.AbstractAutowireCapableBeanFactory.doCreateBean(AbstractAutowireCapableBeanFactory.java:620)
	at org.springframework.beans.factory.support.AbstractAutowireCapableBeanFactory.createBean(AbstractAutowireCapableBeanFactory.java:542)
	at org.springframework.beans.factory.support.AbstractBeanFactory.lambda$doGetBean$0(AbstractBeanFactory.java:335)
	at org.springframework.beans.factory.support.DefaultSingletonBeanRegistry.getSingleton(DefaultSingletonBeanRegistry.java:234)
	at org.springframework.beans.factory.support.AbstractBeanFactory.doGetBean(AbstractBeanFactory.java:333)
	at org.springframework.beans.factory.support.AbstractBeanFactory.getBean(AbstractBeanFactory.java:208)
	at org.springframework.beans.factory.config.DependencyDescriptor.resolveCandidate(DependencyDescriptor.java:276)
	at org.springframework.beans.factory.support.DefaultListableBeanFactory.doResolveDependency(DefaultListableBeanFactory.java:1391)
	at org.springframework.beans.factory.support.DefaultListableBeanFactory.resolveDependency(DefaultListableBeanFactory.java:1311)
	at org.springframework.beans.factory.annotation.AutowiredAnnotationBeanPostProcessor$AutowiredFieldElement.resolveFieldValue(AutowiredAnnotationBeanPostProcessor.java:656)
	... 111 common frames omitted
Caused by: org.springframework.data.repository.query.QueryCreationException: Could not create query for public abstract boolean com.visionrent.repository.ReservationRepository.existByCar(com.visionrent.domain.Car); Reason: Failed to create query for method public abstract boolean com.visionrent.repository.ReservationRepository.existByCar(com.visionrent.domain.Car)! No property 'existByCar' found for type 'Reservation'; nested exception is java.lang.IllegalArgumentException: Failed to create query for method public abstract boolean com.visionrent.repository.ReservationRepository.existByCar(com.visionrent.domain.Car)! No property 'existByCar' found for type 'Reservation'
	at org.springframework.data.repository.query.QueryCreationException.create(QueryCreationException.java:101)
	at org.springframework.data.repository.core.support.QueryExecutorMethodInterceptor.lookupQuery(QueryExecutorMethodInterceptor.java:107)
	at org.springframework.data.repository.core.support.QueryExecutorMethodInterceptor.lambda$mapMethodsToQuery$1(QueryExecutorMethodInterceptor.java:95)
	at java.base/java.util.stream.ReferencePipeline$3$1.accept(ReferencePipeline.java:195)
	at java.base/java.util.Iterator.forEachRemaining(Iterator.java:133)
	at java.base/java.util.Collections$UnmodifiableCollection$1.forEachRemaining(Collections.java:1054)
	at java.base/java.util.Spliterators$IteratorSpliterator.forEachRemaining(Spliterators.java:1801)
	at java.base/java.util.stream.AbstractPipeline.copyInto(AbstractPipeline.java:484)
	at java.base/java.util.stream.AbstractPipeline.wrapAndCopyInto(AbstractPipeline.java:474)
	at java.base/java.util.stream.ReduceOps$ReduceOp.evaluateSequential(ReduceOps.java:913)
	at java.base/java.util.stream.AbstractPipeline.evaluate(AbstractPipeline.java:234)
	at java.base/java.util.stream.ReferencePipeline.collect(ReferencePipeline.java:578)
	at org.springframework.data.repository.core.support.QueryExecutorMethodInterceptor.mapMethodsToQuery(QueryExecutorMethodInterceptor.java:97)
	at org.springframework.data.repository.core.support.QueryExecutorMethodInterceptor.lambda$new$0(QueryExecutorMethodInterceptor.java:87)
	at java.base/java.util.Optional.map(Optional.java:265)
	at org.springframework.data.repository.core.support.QueryExecutorMethodInterceptor.<init>(QueryExecutorMethodInterceptor.java:87)
	at org.springframework.data.repository.core.support.RepositoryFactorySupport.getRepository(RepositoryFactorySupport.java:365)
	at org.springframework.data.repository.core.support.RepositoryFactoryBeanSupport.lambda$afterPropertiesSet$5(RepositoryFactoryBeanSupport.java:323)
	at org.springframework.data.util.Lazy.getNullable(Lazy.java:231)
	at org.springframework.data.util.Lazy.get(Lazy.java:115)
	at org.springframework.data.repository.core.support.RepositoryFactoryBeanSupport.afterPropertiesSet(RepositoryFactoryBeanSupport.java:329)
	at org.springframework.data.jpa.repository.support.JpaRepositoryFactoryBean.afterPropertiesSet(JpaRepositoryFactoryBean.java:144)
	at org.springframework.beans.factory.support.AbstractAutowireCapableBeanFactory.invokeInitMethods(AbstractAutowireCapableBeanFactory.java:1863)
	at org.springframework.beans.factory.support.AbstractAutowireCapableBeanFactory.initializeBean(AbstractAutowireCapableBeanFactory.java:1800)
	... 121 common frames omitted
Caused by: java.lang.IllegalArgumentException: Failed to create query for method public abstract boolean com.visionrent.repository.ReservationRepository.existByCar(com.visionrent.domain.Car)! No property 'existByCar' found for type 'Reservation'
	at org.springframework.data.jpa.repository.query.PartTreeJpaQuery.<init>(PartTreeJpaQuery.java:96)
	at org.springframework.data.jpa.repository.query.JpaQueryLookupStrategy$CreateQueryLookupStrategy.resolveQuery(JpaQueryLookupStrategy.java:119)
	at org.springframework.data.jpa.repository.query.JpaQueryLookupStrategy$CreateIfNotFoundQueryLookupStrategy.resolveQuery(JpaQueryLookupStrategy.java:259)
	at org.springframework.data.jpa.repository.query.JpaQueryLookupStrategy$AbstractQueryLookupStrategy.resolveQuery(JpaQueryLookupStrategy.java:93)
	at org.springframework.data.repository.core.support.QueryExecutorMethodInterceptor.lookupQuery(QueryExecutorMethodInterceptor.java:103)
	... 143 common frames omitted
Caused by: org.springframework.data.mapping.PropertyReferenceException: No property 'existByCar' found for type 'Reservation'
	at org.springframework.data.mapping.PropertyPath.<init>(PropertyPath.java:91)
	at org.springframework.data.mapping.PropertyPath.create(PropertyPath.java:438)
	at org.springframework.data.mapping.PropertyPath.create(PropertyPath.java:414)
	at org.springframework.data.mapping.PropertyPath.lambda$from$0(PropertyPath.java:367)
	at java.base/java.util.concurrent.ConcurrentMap.computeIfAbsent(ConcurrentMap.java:330)
	at org.springframework.data.mapping.PropertyPath.from(PropertyPath.java:349)
	at org.springframework.data.mapping.PropertyPath.from(PropertyPath.java:332)
	at org.springframework.data.repository.query.parser.Part.<init>(Part.java:81)
	at org.springframework.data.repository.query.parser.PartTree$OrPart.lambda$new$0(PartTree.java:250)
	at java.base/java.util.stream.ReferencePipeline$3$1.accept(ReferencePipeline.java:195)
	at java.base/java.util.stream.ReferencePipeline$2$1.accept(ReferencePipeline.java:177)
	at java.base/java.util.Spliterators$ArraySpliterator.forEachRemaining(Spliterators.java:948)
	at java.base/java.util.stream.AbstractPipeline.copyInto(AbstractPipeline.java:484)
	at java.base/java.util.stream.AbstractPipeline.wrapAndCopyInto(AbstractPipeline.java:474)
	at java.base/java.util.stream.ReduceOps$ReduceOp.evaluateSequential(ReduceOps.java:913)
	at java.base/java.util.stream.AbstractPipeline.evaluate(AbstractPipeline.java:234)
	at java.base/java.util.stream.ReferencePipeline.collect(ReferencePipeline.java:578)
	at org.springframework.data.repository.query.parser.PartTree$OrPart.<init>(PartTree.java:251)
	at org.springframework.data.repository.query.parser.PartTree$Predicate.lambda$new$0(PartTree.java:384)
	at java.base/java.util.stream.ReferencePipeline$3$1.accept(ReferencePipeline.java:195)
	at java.base/java.util.stream.ReferencePipeline$2$1.accept(ReferencePipeline.java:177)
	at java.base/java.util.Spliterators$ArraySpliterator.forEachRemaining(Spliterators.java:948)
	at java.base/java.util.stream.AbstractPipeline.copyInto(AbstractPipeline.java:484)
	at java.base/java.util.stream.AbstractPipeline.wrapAndCopyInto(AbstractPipeline.java:474)
	at java.base/java.util.stream.ReduceOps$ReduceOp.evaluateSequential(ReduceOps.java:913)
	at java.base/java.util.stream.AbstractPipeline.evaluate(AbstractPipeline.java:234)
	at java.base/java.util.stream.ReferencePipeline.collect(ReferencePipeline.java:578)
	at org.springframework.data.repository.query.parser.PartTree$Predicate.<init>(PartTree.java:385)
	at org.springframework.data.repository.query.parser.PartTree.<init>(PartTree.java:93)
	at org.springframework.data.jpa.repository.query.PartTreeJpaQuery.<init>(PartTreeJpaQuery.java:89)
	... 147 common frames omitted
2022-11-15 08:32:51,603 INFO  [restartedMain] com.visionrent.VisionrentApplication:Starting VisionrentApplication using Java 11.0.16 on DESKTOP-4Q8PUKN with PID 9256 (C:\Users\seves\Documents\workspace-spring-tool-suite-4-4.15.3.RELEASE\visionrent\target\classes started by seves in C:\Users\seves\Documents\workspace-spring-tool-suite-4-4.15.3.RELEASE\visionrent)
2022-11-15 08:32:51,607 INFO  [restartedMain] com.visionrent.VisionrentApplication:No active profile set, falling back to 1 default profile: "default"
2022-11-15 08:32:51,708 INFO  [restartedMain] org.springframework.boot.devtools.env.DevToolsPropertyDefaultsPostProcessor:Devtools property defaults active! Set 'spring.devtools.add-properties' to 'false' to disable
2022-11-15 08:32:51,709 INFO  [restartedMain] org.springframework.boot.devtools.env.DevToolsPropertyDefaultsPostProcessor:For additional web related logging consider setting the 'logging.level.web' property to 'DEBUG'
2022-11-15 08:32:54,225 INFO  [restartedMain] org.springframework.data.repository.config.RepositoryConfigurationDelegate:Bootstrapping Spring Data JPA repositories in DEFAULT mode.
2022-11-15 08:32:54,359 INFO  [restartedMain] org.springframework.data.repository.config.RepositoryConfigurationDelegate:Finished Spring Data repository scanning in 119 ms. Found 6 JPA repository interfaces.
2022-11-15 08:32:55,358 INFO  [restartedMain] org.springframework.boot.web.embedded.tomcat.TomcatWebServer:Tomcat initialized with port(s): 8080 (http)
2022-11-15 08:32:55,382 INFO  [restartedMain] org.apache.catalina.core.StandardService:Starting service [Tomcat]
2022-11-15 08:32:55,383 INFO  [restartedMain] org.apache.catalina.core.StandardEngine:Starting Servlet engine: [Apache Tomcat/9.0.68]
2022-11-15 08:32:55,532 INFO  [restartedMain] org.apache.catalina.core.ContainerBase.[Tomcat].[localhost].[/]:Initializing Spring embedded WebApplicationContext
2022-11-15 08:32:55,532 INFO  [restartedMain] org.springframework.boot.web.servlet.context.ServletWebServerApplicationContext:Root WebApplicationContext: initialization completed in 3822 ms
2022-11-15 08:32:55,937 INFO  [restartedMain] org.hibernate.jpa.internal.util.LogHelper:HHH000204: Processing PersistenceUnitInfo [name: default]
2022-11-15 08:32:56,061 INFO  [restartedMain] org.hibernate.Version:HHH000412: Hibernate ORM core version 5.6.12.Final
2022-11-15 08:32:56,324 INFO  [restartedMain] org.hibernate.annotations.common.Version:HCANN000001: Hibernate Commons Annotations {5.1.2.Final}
2022-11-15 08:32:56,495 INFO  [restartedMain] com.zaxxer.hikari.HikariDataSource:HikariPool-1 - Starting...
2022-11-15 08:32:56,688 INFO  [restartedMain] com.zaxxer.hikari.HikariDataSource:HikariPool-1 - Start completed.
2022-11-15 08:32:56,718 INFO  [restartedMain] org.hibernate.dialect.Dialect:HHH000400: Using dialect: org.hibernate.dialect.PostgreSQLDialect
2022-11-15 08:32:58,206 INFO  [restartedMain] org.hibernate.engine.transaction.jta.platform.internal.JtaPlatformInitiator:HHH000490: Using JtaPlatform implementation: [org.hibernate.engine.transaction.jta.platform.internal.NoJtaPlatform]
2022-11-15 08:32:58,222 INFO  [restartedMain] org.springframework.orm.jpa.LocalContainerEntityManagerFactoryBean:Initialized JPA EntityManagerFactory for persistence unit 'default'
2022-11-15 08:32:59,557 INFO  [restartedMain] org.springframework.security.web.DefaultSecurityFilterChain:Will secure any request with [org.springframework.security.web.session.DisableEncodeUrlFilter@6d20ca73, org.springframework.security.web.context.request.async.WebAsyncManagerIntegrationFilter@70b463f5, org.springframework.security.web.context.SecurityContextPersistenceFilter@54ceface, org.springframework.security.web.header.HeaderWriterFilter@1a89fc4e, org.springframework.security.web.authentication.logout.LogoutFilter@4016c789, com.visionrent.security.jwt.AuthTokenFilter@672cda99, org.springframework.security.web.savedrequest.RequestCacheAwareFilter@7c5bbaaa, org.springframework.security.web.servletapi.SecurityContextHolderAwareRequestFilter@78f72e8e, org.springframework.security.web.authentication.AnonymousAuthenticationFilter@5eb5e372, org.springframework.security.web.session.SessionManagementFilter@1a40d482, org.springframework.security.web.access.ExceptionTranslationFilter@1efd4573, org.springframework.security.web.access.intercept.FilterSecurityInterceptor@1721550f]
2022-11-15 08:32:59,632 WARN  [restartedMain] org.springframework.boot.autoconfigure.orm.jpa.JpaBaseConfiguration$JpaWebConfiguration:spring.jpa.open-in-view is enabled by default. Therefore, database queries may be performed during view rendering. Explicitly configure spring.jpa.open-in-view to disable this warning
2022-11-15 08:33:00,566 INFO  [restartedMain] org.springframework.boot.devtools.autoconfigure.OptionalLiveReloadServer:LiveReload server is running on port 35729
2022-11-15 08:33:00,574 INFO  [restartedMain] org.springframework.boot.actuate.endpoint.web.EndpointLinksResolver:Exposing 14 endpoint(s) beneath base path '/actuator'
2022-11-15 08:33:00,691 INFO  [restartedMain] org.springframework.boot.web.embedded.tomcat.TomcatWebServer:Tomcat started on port(s): 8080 (http) with context path ''
2022-11-15 08:33:00,723 INFO  [restartedMain] com.visionrent.VisionrentApplication:Started VisionrentApplication in 9.8 seconds (JVM running for 11.787)
2022-11-15 08:35:08,599 INFO  [File Watcher] org.springframework.boot.devtools.autoconfigure.LocalDevToolsAutoConfiguration$RestartingClassPathChangeChangedEventListener:Restarting due to 77 class path changes (0 additions, 77 deletions, 0 modifications)
2022-11-15 08:35:09,416 INFO  [Thread-5] org.apache.catalina.core.StandardService:Stopping service [Tomcat]
2022-11-15 08:35:09,428 WARN  [Thread-5] org.apache.catalina.loader.WebappClassLoaderBase:The web application [ROOT] appears to have started a thread named [HikariPool-1 housekeeper] but has failed to stop it. This is very likely to create a memory leak. Stack trace of thread:
 java.base@11.0.16/jdk.internal.misc.Unsafe.park(Native Method)
 java.base@11.0.16/java.util.concurrent.locks.LockSupport.parkNanos(LockSupport.java:234)
 java.base@11.0.16/java.util.concurrent.locks.AbstractQueuedSynchronizer$ConditionObject.awaitNanos(AbstractQueuedSynchronizer.java:2123)
 java.base@11.0.16/java.util.concurrent.ScheduledThreadPoolExecutor$DelayedWorkQueue.take(ScheduledThreadPoolExecutor.java:1182)
 java.base@11.0.16/java.util.concurrent.ScheduledThreadPoolExecutor$DelayedWorkQueue.take(ScheduledThreadPoolExecutor.java:899)
 java.base@11.0.16/java.util.concurrent.ThreadPoolExecutor.getTask(ThreadPoolExecutor.java:1054)
 java.base@11.0.16/java.util.concurrent.ThreadPoolExecutor.runWorker(ThreadPoolExecutor.java:1114)
 java.base@11.0.16/java.util.concurrent.ThreadPoolExecutor$Worker.run(ThreadPoolExecutor.java:628)
 java.base@11.0.16/java.lang.Thread.run(Thread.java:834)
2022-11-15 08:35:09,457 INFO  [Thread-5] org.springframework.orm.jpa.LocalContainerEntityManagerFactoryBean:Closing JPA EntityManagerFactory for persistence unit 'default'
2022-11-15 08:35:09,468 INFO  [Thread-5] com.zaxxer.hikari.HikariDataSource:HikariPool-1 - Shutdown initiated...
2022-11-15 08:35:09,485 INFO  [Thread-5] com.zaxxer.hikari.HikariDataSource:HikariPool-1 - Shutdown completed.
2022-11-15 08:36:07,510 INFO  [restartedMain] com.visionrent.VisionrentApplication:Starting VisionrentApplication using Java 11.0.16 on DESKTOP-4Q8PUKN with PID 2584 (C:\Users\seves\Documents\workspace-spring-tool-suite-4-4.15.3.RELEASE\visionrent\target\classes started by seves in C:\Users\seves\Documents\workspace-spring-tool-suite-4-4.15.3.RELEASE\visionrent)
2022-11-15 08:36:07,513 INFO  [restartedMain] com.visionrent.VisionrentApplication:No active profile set, falling back to 1 default profile: "default"
2022-11-15 08:36:07,610 INFO  [restartedMain] org.springframework.boot.devtools.env.DevToolsPropertyDefaultsPostProcessor:Devtools property defaults active! Set 'spring.devtools.add-properties' to 'false' to disable
2022-11-15 08:36:07,611 INFO  [restartedMain] org.springframework.boot.devtools.env.DevToolsPropertyDefaultsPostProcessor:For additional web related logging consider setting the 'logging.level.web' property to 'DEBUG'
2022-11-15 08:36:09,403 INFO  [restartedMain] org.springframework.data.repository.config.RepositoryConfigurationDelegate:Bootstrapping Spring Data JPA repositories in DEFAULT mode.
2022-11-15 08:36:09,537 INFO  [restartedMain] org.springframework.data.repository.config.RepositoryConfigurationDelegate:Finished Spring Data repository scanning in 119 ms. Found 6 JPA repository interfaces.
2022-11-15 08:36:10,579 INFO  [restartedMain] org.springframework.boot.web.embedded.tomcat.TomcatWebServer:Tomcat initialized with port(s): 8080 (http)
2022-11-15 08:36:10,597 INFO  [restartedMain] org.apache.catalina.core.StandardService:Starting service [Tomcat]
2022-11-15 08:36:10,598 INFO  [restartedMain] org.apache.catalina.core.StandardEngine:Starting Servlet engine: [Apache Tomcat/9.0.68]
2022-11-15 08:36:10,750 INFO  [restartedMain] org.apache.catalina.core.ContainerBase.[Tomcat].[localhost].[/]:Initializing Spring embedded WebApplicationContext
2022-11-15 08:36:10,751 INFO  [restartedMain] org.springframework.boot.web.servlet.context.ServletWebServerApplicationContext:Root WebApplicationContext: initialization completed in 3138 ms
2022-11-15 08:36:11,221 INFO  [restartedMain] org.hibernate.jpa.internal.util.LogHelper:HHH000204: Processing PersistenceUnitInfo [name: default]
2022-11-15 08:36:11,322 INFO  [restartedMain] org.hibernate.Version:HHH000412: Hibernate ORM core version 5.6.12.Final
2022-11-15 08:36:11,607 INFO  [restartedMain] org.hibernate.annotations.common.Version:HCANN000001: Hibernate Commons Annotations {5.1.2.Final}
2022-11-15 08:36:11,782 INFO  [restartedMain] com.zaxxer.hikari.HikariDataSource:HikariPool-1 - Starting...
2022-11-15 08:36:11,972 INFO  [restartedMain] com.zaxxer.hikari.HikariDataSource:HikariPool-1 - Start completed.
2022-11-15 08:36:12,007 INFO  [restartedMain] org.hibernate.dialect.Dialect:HHH000400: Using dialect: org.hibernate.dialect.PostgreSQLDialect
2022-11-15 08:36:13,594 INFO  [restartedMain] org.hibernate.engine.transaction.jta.platform.internal.JtaPlatformInitiator:HHH000490: Using JtaPlatform implementation: [org.hibernate.engine.transaction.jta.platform.internal.NoJtaPlatform]
2022-11-15 08:36:13,613 INFO  [restartedMain] org.springframework.orm.jpa.LocalContainerEntityManagerFactoryBean:Initialized JPA EntityManagerFactory for persistence unit 'default'
2022-11-15 08:36:15,048 INFO  [restartedMain] org.springframework.security.web.DefaultSecurityFilterChain:Will secure any request with [org.springframework.security.web.session.DisableEncodeUrlFilter@2ad59160, org.springframework.security.web.context.request.async.WebAsyncManagerIntegrationFilter@23b90567, org.springframework.security.web.context.SecurityContextPersistenceFilter@34a1867e, org.springframework.security.web.header.HeaderWriterFilter@50d0393c, org.springframework.security.web.authentication.logout.LogoutFilter@5bd0a559, com.visionrent.security.jwt.AuthTokenFilter@21618a0, org.springframework.security.web.savedrequest.RequestCacheAwareFilter@6787762d, org.springframework.security.web.servletapi.SecurityContextHolderAwareRequestFilter@62b139c8, org.springframework.security.web.authentication.AnonymousAuthenticationFilter@23f7eea3, org.springframework.security.web.session.SessionManagementFilter@779f61c0, org.springframework.security.web.access.ExceptionTranslationFilter@1999f0c6, org.springframework.security.web.access.intercept.FilterSecurityInterceptor@8002cb9]
2022-11-15 08:36:15,119 WARN  [restartedMain] org.springframework.boot.autoconfigure.orm.jpa.JpaBaseConfiguration$JpaWebConfiguration:spring.jpa.open-in-view is enabled by default. Therefore, database queries may be performed during view rendering. Explicitly configure spring.jpa.open-in-view to disable this warning
2022-11-15 08:36:15,999 INFO  [restartedMain] org.springframework.boot.devtools.autoconfigure.OptionalLiveReloadServer:LiveReload server is running on port 35729
2022-11-15 08:36:16,010 INFO  [restartedMain] org.springframework.boot.actuate.endpoint.web.EndpointLinksResolver:Exposing 14 endpoint(s) beneath base path '/actuator'
2022-11-15 08:36:16,122 INFO  [restartedMain] org.springframework.boot.web.embedded.tomcat.TomcatWebServer:Tomcat started on port(s): 8080 (http) with context path ''
2022-11-15 08:36:16,155 INFO  [restartedMain] com.visionrent.VisionrentApplication:Started VisionrentApplication in 9.35 seconds (JVM running for 11.323)
2022-11-15 08:45:26,392 INFO  [http-nio-8080-exec-1] org.apache.catalina.core.ContainerBase.[Tomcat].[localhost].[/]:Initializing Spring DispatcherServlet 'dispatcherServlet'
2022-11-15 08:51:38,966 INFO  [RMI TCP Connection(2)-127.0.0.1] org.springframework.boot.admin.SpringApplicationAdminMXBeanRegistrar$SpringApplicationAdmin:Application shutdown requested.
2022-11-15 08:51:39,371 INFO  [RMI TCP Connection(2)-127.0.0.1] org.apache.catalina.core.StandardService:Stopping service [Tomcat]
2022-11-15 08:51:39,379 INFO  [RMI TCP Connection(2)-127.0.0.1] org.apache.catalina.core.ContainerBase.[Tomcat].[localhost].[/]:Destroying Spring FrameworkServlet 'dispatcherServlet'
2022-11-15 08:51:39,386 WARN  [RMI TCP Connection(2)-127.0.0.1] org.apache.catalina.loader.WebappClassLoaderBase:The web application [ROOT] appears to have started a thread named [HikariPool-1 housekeeper] but has failed to stop it. This is very likely to create a memory leak. Stack trace of thread:
 java.base@11.0.16/jdk.internal.misc.Unsafe.park(Native Method)
 java.base@11.0.16/java.util.concurrent.locks.LockSupport.parkNanos(LockSupport.java:234)
 java.base@11.0.16/java.util.concurrent.locks.AbstractQueuedSynchronizer$ConditionObject.awaitNanos(AbstractQueuedSynchronizer.java:2123)
 java.base@11.0.16/java.util.concurrent.ScheduledThreadPoolExecutor$DelayedWorkQueue.take(ScheduledThreadPoolExecutor.java:1182)
 java.base@11.0.16/java.util.concurrent.ScheduledThreadPoolExecutor$DelayedWorkQueue.take(ScheduledThreadPoolExecutor.java:899)
 java.base@11.0.16/java.util.concurrent.ThreadPoolExecutor.getTask(ThreadPoolExecutor.java:1054)
 java.base@11.0.16/java.util.concurrent.ThreadPoolExecutor.runWorker(ThreadPoolExecutor.java:1114)
 java.base@11.0.16/java.util.concurrent.ThreadPoolExecutor$Worker.run(ThreadPoolExecutor.java:628)
 java.base@11.0.16/java.lang.Thread.run(Thread.java:834)
2022-11-15 08:51:39,411 INFO  [RMI TCP Connection(2)-127.0.0.1] org.springframework.orm.jpa.LocalContainerEntityManagerFactoryBean:Closing JPA EntityManagerFactory for persistence unit 'default'
2022-11-15 08:51:39,418 INFO  [RMI TCP Connection(2)-127.0.0.1] com.zaxxer.hikari.HikariDataSource:HikariPool-1 - Shutdown initiated...
2022-11-15 08:51:39,435 INFO  [RMI TCP Connection(2)-127.0.0.1] com.zaxxer.hikari.HikariDataSource:HikariPool-1 - Shutdown completed.
